<?xml version="1.0" encoding="UTF-8"?>
<testsuite xmlns:xsi="http://www.w3.org/2001/XMLSchema-instance" xsi:noNamespaceSchemaLocation="https://maven.apache.org/surefire/maven-surefire-plugin/xsd/surefire-test-report-3.0.xsd" version="3.0" name="com.jk.auth.KeycloakAuthApplicationTests" time="7.142" tests="1" errors="0" skipped="0" failures="0">
  <properties>
[...]
</properties>
  <testcase name="contextLoads" classname="com.jk.auth.KeycloakAuthApplicationTests" time="1.891">
    <system-out><![CDATA[11:12:57.903 [main] INFO org.springframework.test.context.support.AnnotationConfigContextLoaderUtils -- Could not detect default configuration classes for test class [com.jk.auth.KeycloakAuthApplicationTests]: KeycloakAuthApplicationTests does not declare any static, non-private, non-final, nested classes annotated with @Configuration.
11:12:58.184 [main] INFO org.springframework.boot.test.context.SpringBootTestContextBootstrapper -- Found @SpringBootConfiguration com.jk.auth.KeycloakAuthApplication for test class com.jk.auth.KeycloakAuthApplicationTests

  .   ____          _            __ _ _
 /\\ / ___'_ __ _ _(_)_ __  __ _ \ \ \ \
( ( )\___ | '_ | '_| | '_ \/ _` | \ \ \ \
 \\/  ___)| |_)| | | | | || (_| |  ) ) ) )
  '  |____| .__|_| |_|_| |_\__, | / / / /
 =========|_|==============|___/=/_/_/_/
 :: Spring Boot ::                (v3.2.5)

2024-05-22T11:12:59.243+05:00  INFO 8940 --- [keycloak-auth] [           main] c.jk.auth.KeycloakAuthApplicationTests   : Starting KeycloakAuthApplicationTests using Java 17.0.10 with PID 8940 (started by hp in E:\KeyCloak-Projects\keycloak-auth)
2024-05-22T11:12:59.247+05:00  INFO 8940 --- [keycloak-auth] [           main] c.jk.auth.KeycloakAuthApplicationTests   : No active profile set, falling back to 1 default profile: "default"
2024-05-22T11:13:02.626+05:00  INFO 8940 --- [keycloak-auth] [           main] o.s.s.web.DefaultSecurityFilterChain     : Will secure any request with [org.springframework.security.web.session.DisableEncodeUrlFilter@45b32dfe, org.springframework.security.web.context.request.async.WebAsyncManagerIntegrationFilter@136ccbfe, org.springframework.security.web.context.SecurityContextHolderFilter@2753316c, org.springframework.security.web.header.HeaderWriterFilter@104dc1a2, org.springframework.web.filter.CorsFilter@22d9ca63, org.springframework.security.web.csrf.CsrfFilter@1c33e528, org.springframework.security.web.authentication.logout.LogoutFilter@839df62, org.springframework.security.web.authentication.UsernamePasswordAuthenticationFilter@5af64ce0, org.springframework.security.web.authentication.ui.DefaultLoginPageGeneratingFilter@75cf0de5, org.springframework.security.web.authentication.ui.DefaultLogoutPageGeneratingFilter@484149eb, org.springframework.security.web.authentication.www.BasicAuthenticationFilter@49f3ff41, org.springframework.security.web.savedrequest.RequestCacheAwareFilter@2792b416, org.springframework.security.web.servletapi.SecurityContextHolderAwareRequestFilter@4735d6e5, org.springframework.security.web.authentication.AnonymousAuthenticationFilter@14c141c0, org.springframework.security.web.access.ExceptionTranslationFilter@1989e8c6, org.springframework.security.web.access.intercept.AuthorizationFilter@6dee8ae6]
2024-05-22T11:13:02.780+05:00  INFO 8940 --- [keycloak-auth] [           main] c.jk.auth.KeycloakAuthApplicationTests   : Started KeycloakAuthApplicationTests in 4.183 seconds (process running for 6.358)
]]></system-out>
  </testcase>
</testsuite>